#
# There is insufficient memory for the Java Runtime Environment to continue.
# Native memory allocation (mmap) failed to map 132120576 bytes for G1 virtual space
# Possible reasons:
#   The system is out of physical RAM or swap space
#   The process is running with CompressedOops enabled, and the Java Heap may be blocking the growth of the native heap
# Possible solutions:
#   Reduce memory load on the system
#   Increase physical memory or swap space
#   Check if swap backing store is full
#   Decrease Java heap size (-Xmx/-Xms)
#   Decrease number of Java threads
#   Decrease Java thread stack sizes (-Xss)
#   Set larger code cache with -XX:ReservedCodeCacheSize=
#   JVM is running with Unscaled Compressed Oops mode in which the Java heap is
#     placed in the first 4GB address space. The Java Heap base address is the
#     maximum limit for the native heap growth. Please use -XX:HeapBaseMinAddress
#     to set the Java Heap base and to place the Java Heap above 4GB virtual address.
# This output file may be truncated or incomplete.
#
#  Out of Memory Error (os_windows.cpp:3760), pid=23392, tid=1164
#
# JRE version:  (17.0.5+1) (build )
# Java VM: OpenJDK 64-Bit Server VM (17.0.5+1-b653.25, mixed mode, sharing, tiered, compressed oops, compressed class ptrs, g1 gc, windows-amd64)
# No core dump will be written. Minidumps are not enabled by default on client versions of Windows
#

---------------  S U M M A R Y ------------

Command Line: git4idea.http.GitAskPassApp Password for 'https://nxaiteen@github.com': 

Host: Intel(R) Core(TM) i5-8265U CPU @ 1.60GHz, 8 cores, 7G,  Windows 10 , 64 bit Build 19041 (10.0.19041.2788)
Time: Fri Apr 21 21:37:55 2023  Windows 10 , 64 bit Build 19041 (10.0.19041.2788) elapsed time: 0.016191 seconds (0d 0h 0m 0s)

---------------  T H R E A D  ---------------

Current thread (0x00000201402be970):  JavaThread "Unknown thread" [_thread_in_vm, id=1164, stack(0x000000e73ec00000,0x000000e73ed00000)]

Stack: [0x000000e73ec00000,0x000000e73ed00000]
Native frames: (J=compiled Java code, j=interpreted, Vv=VM code, C=native code)
V  [jvm.dll+0x6830ca]
V  [jvm.dll+0x83f4c4]
V  [jvm.dll+0x840c6e]
V  [jvm.dll+0x8412d3]
V  [jvm.dll+0x2490b5]
V  [jvm.dll+0x67ff99]
V  [jvm.dll+0x6744aa]
V  [jvm.dll+0x308f2b]
V  [jvm.dll+0x3103e6]
V  [jvm.dll+0x36013e]
V  [jvm.dll+0x36036f]
V  [jvm.dll+0x2df018]
V  [jvm.dll+0x2dff84]
V  [jvm.dll+0x810d91]
V  [jvm.dll+0x36df31]
V  [jvm.dll+0x7f028c]
V  [jvm.dll+0x3f0cbf]
V  [jvm.dll+0x3f2801]
C  [jli.dll+0x526b]
C  [ucrtbase.dll+0x21bb2]
C  [KERNEL32.DLL+0x17604]
C  [ntdll.dll+0x526a1]


---------------  P R O C E S S  ---------------

Threads class SMR info:
_java_thread_list=0x00007ffde4928f98, length=0, elements={
}

Java Threads: ( => current thread )

Other Threads:
  0x00000201423f64a0 GCTaskThread "GC Thread#0" [stack: 0x000000e73ee00000,0x000000e73ef00000] [id=10784]
  0x0000020142407e30 ConcurrentGCThread "G1 Main Marker" [stack: 0x000000e73ef00000,0x000000e73f000000] [id=4400]
  0x0000020142408fe0 ConcurrentGCThread "G1 Conc#0" [stack: 0x000000e73f000000,0x000000e73f100000] [id=16136]

[error occurred during error reporting (printing all threads), id 0xc0000005, EXCEPTION_ACCESS_VIOLATION (0xc0000005) at pc=0x00007ffde40dfbd7]

VM state: not at safepoint (not fully initialized)

VM Mutex/Monitor currently owned by a thread:  ([mutex/lock_event])
[0x0000020142399830] Heap_lock - owner thread: 0x00000201402be970

Heap address: 0x0000000082e00000, size: 2002 MB, Compressed Oops mode: 32-bit

CDS archive(s) mapped at: [0x0000000000000000-0x0000000000000000-0x0000000000000000), size 0, SharedBaseAddress: 0x0000000800000000, ArchiveRelocationMode: 0.
Narrow klass base: 0x0000000000000000, Narrow klass shift: 0, Narrow klass range: 0x0

GC Precious Log:
<Empty>

Heap:
 garbage-first heap   total 0K, used 0K [0x0000000082e00000, 0x0000000100000000)
  region size 1024K, 0 young (0K), 0 survivors (0K)

[error occurred during error reporting (printing heap information), id 0xc0000005, EXCEPTION_ACCESS_VIOLATION (0xc0000005) at pc=0x00007ffde44ccd59]

GC Heap History (0 events):
No events

Dll operation events (1 events):
Event: 0.008 Loaded shared library D:\IntelliJ IDEA 2022.3.2\jbr\bin\java.dll

Deoptimization events (0 events):
No events

Classes unloaded (0 events):
No events

Classes redefined (0 events):
No events

Internal exceptions (0 events):
No events

VM Operations (0 events):
No events

Events (0 events):
No events


Dynamic libraries:
0x00007ff6098d0000 - 0x00007ff6098da000 	D:\IntelliJ IDEA 2022.3.2\jbr\bin\java.exe
0x00007ffe27c30000 - 0x00007ffe27e28000 	C:\WINDOWS\SYSTEM32\ntdll.dll
0x00007ffe264e0000 - 0x00007ffe2659f000 	C:\WINDOWS\System32\KERNEL32.DLL
0x00007ffe258a0000 - 0x00007ffe25b7a000 	C:\WINDOWS\System32\KERNELBASE.dll
0x00007ffe25430000 - 0x00007ffe25530000 	C:\WINDOWS\System32\ucrtbase.dll
0x00007ffdfecb0000 - 0x00007ffdfecc7000 	D:\IntelliJ IDEA 2022.3.2\jbr\bin\jli.dll
0x00007ffe10a00000 - 0x00007ffe10a1b000 	D:\IntelliJ IDEA 2022.3.2\jbr\bin\VCRUNTIME140.dll
0x00007ffe25e30000 - 0x00007ffe25fcd000 	C:\WINDOWS\System32\USER32.dll
0x00007ffe06650000 - 0x00007ffe068ea000 	C:\WINDOWS\WinSxS\amd64_microsoft.windows.common-controls_6595b64144ccf1df_6.0.19041.1110_none_60b5254171f9507e\COMCTL32.dll
0x00007ffe253d0000 - 0x00007ffe253f2000 	C:\WINDOWS\System32\win32u.dll
0x00007ffe266d0000 - 0x00007ffe266fb000 	C:\WINDOWS\System32\GDI32.dll
0x00007ffe25fd0000 - 0x00007ffe2606e000 	C:\WINDOWS\System32\msvcrt.dll
0x00007ffe25b80000 - 0x00007ffe25c90000 	C:\WINDOWS\System32\gdi32full.dll
0x00007ffe25790000 - 0x00007ffe2582d000 	C:\WINDOWS\System32\msvcp_win.dll
0x00007ffe27b60000 - 0x00007ffe27b90000 	C:\WINDOWS\System32\IMM32.DLL
0x00007ffe109f0000 - 0x00007ffe109fc000 	D:\IntelliJ IDEA 2022.3.2\jbr\bin\vcruntime140_1.dll
0x00007ffde3880000 - 0x00007ffde390d000 	D:\IntelliJ IDEA 2022.3.2\jbr\bin\msvcp140.dll
0x00007ffde3df0000 - 0x00007ffde4a5b000 	D:\IntelliJ IDEA 2022.3.2\jbr\bin\server\jvm.dll
0x00007ffe26fa0000 - 0x00007ffe2704e000 	C:\WINDOWS\System32\ADVAPI32.dll
0x00007ffe27ac0000 - 0x00007ffe27b5c000 	C:\WINDOWS\System32\sechost.dll
0x00007ffe26700000 - 0x00007ffe26826000 	C:\WINDOWS\System32\RPCRT4.dll
0x00007ffe0b380000 - 0x00007ffe0b389000 	C:\WINDOWS\SYSTEM32\WSOCK32.dll
0x00007ffe27a50000 - 0x00007ffe27abb000 	C:\WINDOWS\System32\WS2_32.dll
0x00007ffe0d480000 - 0x00007ffe0d4a7000 	C:\WINDOWS\SYSTEM32\WINMM.dll
0x00007ffe1d820000 - 0x00007ffe1d82a000 	C:\WINDOWS\SYSTEM32\VERSION.dll
0x00007ffe23b50000 - 0x00007ffe23b62000 	C:\WINDOWS\SYSTEM32\kernel.appcore.dll
0x00007ffe108c0000 - 0x00007ffe108ca000 	D:\IntelliJ IDEA 2022.3.2\jbr\bin\jimage.dll
0x00007ffe22f50000 - 0x00007ffe23134000 	C:\WINDOWS\SYSTEM32\DBGHELP.DLL
0x00007ffe1cb30000 - 0x00007ffe1cb64000 	C:\WINDOWS\SYSTEM32\dbgcore.DLL
0x00007ffe25340000 - 0x00007ffe253c2000 	C:\WINDOWS\System32\bcryptPrimitives.dll
0x00007ffe0a760000 - 0x00007ffe0a785000 	D:\IntelliJ IDEA 2022.3.2\jbr\bin\java.dll

dbghelp: loaded successfully - version: 4.0.5 - missing functions: none
symbol engine: initialized successfully - sym options: 0x614 - pdb path: .;D:\IntelliJ IDEA 2022.3.2\jbr\bin;C:\WINDOWS\SYSTEM32;C:\WINDOWS\WinSxS\amd64_microsoft.windows.common-controls_6595b64144ccf1df_6.0.19041.1110_none_60b5254171f9507e;D:\IntelliJ IDEA 2022.3.2\jbr\bin\server

VM Arguments:
java_command: git4idea.http.GitAskPassApp Password for 'https://nxaiteen@github.com': 
java_class_path (initial): D:/IntelliJ IDEA 2022.3.2/plugins/vcs-git/lib/git4idea-rt.jar;D:/IntelliJ IDEA 2022.3.2/lib/externalProcess-rt.jar;D:/IntelliJ IDEA 2022.3.2/lib/app.jar;D:/IntelliJ IDEA 2022.3.2/lib/3rd-party-rt.jar
Launcher Type: SUN_STANDARD

[Global flags]
     intx CICompilerCount                          = 4                                         {product} {ergonomic}
     uint ConcGCThreads                            = 2                                         {product} {ergonomic}
     uint G1ConcRefinementThreads                  = 8                                         {product} {ergonomic}
   size_t G1HeapRegionSize                         = 1048576                                   {product} {ergonomic}
    uintx GCDrainStackTargetSize                   = 64                                        {product} {ergonomic}
   size_t InitialHeapSize                          = 132120576                                 {product} {ergonomic}
   size_t MarkStackSize                            = 4194304                                   {product} {ergonomic}
   size_t MaxHeapSize                              = 2099249152                                {product} {ergonomic}
   size_t MinHeapDeltaBytes                        = 1048576                                   {product} {ergonomic}
   size_t MinHeapSize                              = 8388608                                   {product} {ergonomic}
    uintx NonNMethodCodeHeapSize                   = 5839372                                {pd product} {ergonomic}
    uintx NonProfiledCodeHeapSize                  = 122909434                              {pd product} {ergonomic}
    uintx ProfiledCodeHeapSize                     = 122909434                              {pd product} {ergonomic}
    uintx ReservedCodeCacheSize                    = 251658240                              {pd product} {ergonomic}
     bool SegmentedCodeCache                       = true                                      {product} {ergonomic}
   size_t SoftMaxHeapSize                          = 2099249152                             {manageable} {ergonomic}
     bool UseCompressedClassPointers               = true                           {product lp64_product} {ergonomic}
     bool UseCompressedOops                        = true                           {product lp64_product} {ergonomic}
     bool UseG1GC                                  = true                                      {product} {ergonomic}
     bool UseLargePagesIndividualAllocation        = false                                  {pd product} {ergonomic}

Logging:
Log output configuration:
 #0: stdout all=warning uptime,level,tags
 #1: stderr all=off uptime,level,tags

Environment Variables:
PATH=C:\Program Files\Git\mingw64\libexec\git-core;C:\Program Files\Git\mingw64\libexec\git-core;C:\Program Files\Git\mingw64\bin;C:\Program Files\Git\usr\bin;C:\Users\Asus\bin;C:\Program Files\Microsoft MPI\Bin;C:\Python310\Scripts;C:\Python310;C:\Program Files\Common Files\Oracle\Java\javapath;C:\Program Files (x86)\Common Files\Oracle\Java\javapath;C:\ProgramData\Oracle\Java\javapath;C:\Program Files (x86)\Intel\Intel(R) Management Engine Components\iCLS;C:\Program Files\Intel\Intel(R) Management Engine Components\iCLS;C:\WINDOWS\system32;C:\WINDOWS;C:\WINDOWS\System32\Wbem;C:\WINDOWS\System32\WindowsPowerShell\v1.0;C:\WINDOWS\System32\OpenSSH;C:\Program Files (x86)\Intel\Intel(R) Management Engine Components\DAL;C:\Program Files\Intel\Intel(R) Management Engine Components\DAL;C:\Program Files\Intel\WiFi\bin;C:\Program Files\Common Files\Intel\WirelessCommon;C:\Program Files\Microsoft SQL Server\130\Tools\Binn;C:\Program Files\Microsoft SQL Server\120\Tools\Binn;C:\Program Files\Java\jdk-16.0.2\bin;C:\ProgramData\chocolatey\bin;C:\Program Files\nodejs;C:\Program Files\Git\cmd;C:\Program Files (x86)\Microsoft SQL Server\150\Tools\Binn;C:\Program Files\Microsoft SQL Server\150\Tools\Binn;C:\Program Files (x86)\Microsoft SQL Server\150\DTS\Binn;C:\Program Files\Microsoft SQL Server\150\DTS\Binn;C:\Program Files\Microsoft SQL Server\Client SDK\ODBC\170\Tools\Binn;C:\Program Files\Azure Data Studio\bin;C:\myjava\maven\apache-maven-3.8.6\bin;C:\Program Files\Certbot\bin;C:\Program Files\Apache Ant\bin;C:\Program Files\Java\jdk1.8.0_321\bin;C:\Program Files\Docker\Docker\resources\bin;C:\Users\Asus\AppData\Local\Microsoft\WindowsApps;D:\Microsoft VS Code\bin;C:\Program Files\JetBrains\IntelliJ IDEA Community Edition 2021.2.1\bin;C:\Users\Asus\AppData\Roaming\npm;C:\cygwin64\bin;C:\Program Files\Azure Data Studio\bin;D:\IntelliJ IDEA 2022.3.2\bin;C:\Program Files\Java\jdk-17\bin
USERNAME=Asus
DISPLAY=:0.0
LC_ALL=en_US.UTF-8
TERM=cygwin
TMPDIR=C:\Users\Asus\AppData\Local\Temp
OS=Windows_NT
PROCESSOR_IDENTIFIER=Intel64 Family 6 Model 142 Stepping 12, GenuineIntel
TMP=C:\Users\Asus\AppData\Local\Temp
TEMP=C:\Users\Asus\AppData\Local\Temp



---------------  S Y S T E M  ---------------

OS:
 Windows 10 , 64 bit Build 19041 (10.0.19041.2788)
OS uptime: 1 days 0:05 hours
Hyper-V role detected

CPU: total 8 (initial active 8) (4 cores per cpu, 2 threads per core) family 6 model 142 stepping 12 microcode 0xb8, cx8, cmov, fxsr, ht, mmx, 3dnowpref, sse, sse2, sse3, ssse3, sse4.1, sse4.2, popcnt, lzcnt, tsc, tscinvbit, avx, avx2, aes, erms, clmul, bmi1, bmi2, adx, fma, vzeroupper, clflush, clflushopt, hv

Memory: 4k page, system-wide physical 8006M (575M free)
TotalPageFile size 20815M (AvailPageFile size 112M)
current process WorkingSet (physical memory assigned to process): 10M, peak: 10M
current process commit charge ("private bytes"): 60M, peak: 186M

vm_info: OpenJDK 64-Bit Server VM (17.0.5+1-b653.25) for windows-amd64 JRE (17.0.5+1-b653.25), built on 2023-01-04 by "builduser" with MS VC++ 16.10 / 16.11 (VS2019)

END.
